/homes/DMA/CPD/2018/N98000344/FBRG/HW1/mat_mat_distributed.c: In function ‘SUMMA’:
/homes/DMA/CPD/2018/N98000344/FBRG/HW1/mat_mat_distributed.c:32: warning: assignment from incompatible pointer type
/homes/DMA/CPD/2018/N98000344/FBRG/HW1/mat_mat_distributed.c:37: warning: assignment from incompatible pointer type
/homes/DMA/CPD/2018/N98000344/FBRG/HW1/mat_mat_distributed.c:44: warning: assignment from incompatible pointer type
/homes/DMA/CPD/2018/N98000344/FBRG/HW1/mat_mat_distributed.c:48: warning: assignment from incompatible pointer type
[wn273.scope.unina.it:16682] *** An error occurred in MPI_Bcast
[wn273.scope.unina.it:16682] *** on communicator MPI COMMUNICATOR 5 SPLIT FROM 3
[wn273.scope.unina.it:16682] *** MPI_ERR_ROOT: invalid root
[wn273.scope.unina.it:16682] *** MPI_ERRORS_ARE_FATAL (your MPI job will now abort)
--------------------------------------------------------------------------
mpirun has exited due to process rank 1 with PID 16682 on
node wn273.scope.unina.it exiting without calling "finalize". This may
have caused other processes in the application to be
terminated by signals sent by mpirun (as reported here).
--------------------------------------------------------------------------
[wn273.scope.unina.it:16680] 1 more process has sent help message help-mpi-errors.txt / mpi_errors_are_fatal
[wn273.scope.unina.it:16680] Set MCA parameter "orte_base_help_aggregate" to 0 to see all help / error messages
[wn273.scope.unina.it:16692] *** An error occurred in MPI_Bcast
[wn273.scope.unina.it:16692] *** on communicator MPI COMMUNICATOR 5 SPLIT FROM 3
[wn273.scope.unina.it:16692] *** MPI_ERR_ROOT: invalid root
[wn273.scope.unina.it:16692] *** MPI_ERRORS_ARE_FATAL (your MPI job will now abort)
--------------------------------------------------------------------------
mpirun has exited due to process rank 0 with PID 16691 on
node wn273.scope.unina.it exiting without calling "finalize". This may
have caused other processes in the application to be
terminated by signals sent by mpirun (as reported here).
--------------------------------------------------------------------------
[wn273.scope.unina.it:16690] 1 more process has sent help message help-mpi-errors.txt / mpi_errors_are_fatal
[wn273.scope.unina.it:16690] Set MCA parameter "orte_base_help_aggregate" to 0 to see all help / error messages
[wn273.scope.unina.it:16702] *** An error occurred in MPI_Bcast
[wn273.scope.unina.it:16702] *** on communicator MPI COMMUNICATOR 5 SPLIT FROM 3
[wn273.scope.unina.it:16702] *** MPI_ERR_ROOT: invalid root
[wn273.scope.unina.it:16702] *** MPI_ERRORS_ARE_FATAL (your MPI job will now abort)
--------------------------------------------------------------------------
mpirun has exited due to process rank 0 with PID 16701 on
node wn273.scope.unina.it exiting without calling "finalize". This may
have caused other processes in the application to be
terminated by signals sent by mpirun (as reported here).
--------------------------------------------------------------------------
[wn273.scope.unina.it:16700] 1 more process has sent help message help-mpi-errors.txt / mpi_errors_are_fatal
[wn273.scope.unina.it:16700] Set MCA parameter "orte_base_help_aggregate" to 0 to see all help / error messages
[wn273.scope.unina.it:16712] *** An error occurred in MPI_Bcast
[wn273.scope.unina.it:16712] *** on communicator MPI COMMUNICATOR 5 SPLIT FROM 3
[wn273.scope.unina.it:16712] *** MPI_ERR_ROOT: invalid root
[wn273.scope.unina.it:16712] *** MPI_ERRORS_ARE_FATAL (your MPI job will now abort)
--------------------------------------------------------------------------
mpirun has exited due to process rank 1 with PID 16712 on
node wn273.scope.unina.it exiting without calling "finalize". This may
have caused other processes in the application to be
terminated by signals sent by mpirun (as reported here).
--------------------------------------------------------------------------
[wn273.scope.unina.it:16710] 1 more process has sent help message help-mpi-errors.txt / mpi_errors_are_fatal
[wn273.scope.unina.it:16710] Set MCA parameter "orte_base_help_aggregate" to 0 to see all help / error messages
[wn273.scope.unina.it:16722] *** An error occurred in MPI_Bcast
[wn273.scope.unina.it:16722] *** on communicator MPI COMMUNICATOR 5 SPLIT FROM 3
[wn273.scope.unina.it:16722] *** MPI_ERR_ROOT: invalid root
[wn273.scope.unina.it:16722] *** MPI_ERRORS_ARE_FATAL (your MPI job will now abort)
--------------------------------------------------------------------------
mpirun has exited due to process rank 1 with PID 16722 on
node wn273.scope.unina.it exiting without calling "finalize". This may
have caused other processes in the application to be
terminated by signals sent by mpirun (as reported here).
--------------------------------------------------------------------------
[wn273.scope.unina.it:16720] 1 more process has sent help message help-mpi-errors.txt / mpi_errors_are_fatal
[wn273.scope.unina.it:16720] Set MCA parameter "orte_base_help_aggregate" to 0 to see all help / error messages
[wn273.scope.unina.it:16732] *** An error occurred in MPI_Bcast
[wn273.scope.unina.it:16732] *** on communicator MPI COMMUNICATOR 5 SPLIT FROM 3
[wn273.scope.unina.it:16732] *** MPI_ERR_ROOT: invalid root
[wn273.scope.unina.it:16732] *** MPI_ERRORS_ARE_FATAL (your MPI job will now abort)
--------------------------------------------------------------------------
mpirun has exited due to process rank 1 with PID 16732 on
node wn273.scope.unina.it exiting without calling "finalize". This may
have caused other processes in the application to be
terminated by signals sent by mpirun (as reported here).
--------------------------------------------------------------------------
[wn273.scope.unina.it:16730] 1 more process has sent help message help-mpi-errors.txt / mpi_errors_are_fatal
[wn273.scope.unina.it:16730] Set MCA parameter "orte_base_help_aggregate" to 0 to see all help / error messages
[wn273.scope.unina.it:16742] *** An error occurred in MPI_Bcast
[wn273.scope.unina.it:16742] *** on communicator MPI COMMUNICATOR 5 SPLIT FROM 3
[wn273.scope.unina.it:16742] *** MPI_ERR_ROOT: invalid root
[wn273.scope.unina.it:16742] *** MPI_ERRORS_ARE_FATAL (your MPI job will now abort)
--------------------------------------------------------------------------
mpirun has exited due to process rank 1 with PID 16742 on
node wn273.scope.unina.it exiting without calling "finalize". This may
have caused other processes in the application to be
terminated by signals sent by mpirun (as reported here).
--------------------------------------------------------------------------
[wn273.scope.unina.it:16740] 1 more process has sent help message help-mpi-errors.txt / mpi_errors_are_fatal
[wn273.scope.unina.it:16740] Set MCA parameter "orte_base_help_aggregate" to 0 to see all help / error messages
[wn273.scope.unina.it:16752] *** An error occurred in MPI_Bcast
[wn273.scope.unina.it:16752] *** on communicator MPI COMMUNICATOR 5 SPLIT FROM 3
[wn273.scope.unina.it:16752] *** MPI_ERR_ROOT: invalid root
[wn273.scope.unina.it:16752] *** MPI_ERRORS_ARE_FATAL (your MPI job will now abort)
--------------------------------------------------------------------------
mpirun has exited due to process rank 1 with PID 16752 on
node wn273.scope.unina.it exiting without calling "finalize". This may
have caused other processes in the application to be
terminated by signals sent by mpirun (as reported here).
--------------------------------------------------------------------------
[wn273.scope.unina.it:16750] 1 more process has sent help message help-mpi-errors.txt / mpi_errors_are_fatal
[wn273.scope.unina.it:16750] Set MCA parameter "orte_base_help_aggregate" to 0 to see all help / error messages
[wn273.scope.unina.it:16762] *** An error occurred in MPI_Bcast
[wn273.scope.unina.it:16762] *** on communicator MPI COMMUNICATOR 5 SPLIT FROM 3
[wn273.scope.unina.it:16762] *** MPI_ERR_ROOT: invalid root
[wn273.scope.unina.it:16762] *** MPI_ERRORS_ARE_FATAL (your MPI job will now abort)
--------------------------------------------------------------------------
mpirun has exited due to process rank 1 with PID 16762 on
node wn273.scope.unina.it exiting without calling "finalize". This may
have caused other processes in the application to be
terminated by signals sent by mpirun (as reported here).
--------------------------------------------------------------------------
[wn273.scope.unina.it:16760] 1 more process has sent help message help-mpi-errors.txt / mpi_errors_are_fatal
[wn273.scope.unina.it:16760] Set MCA parameter "orte_base_help_aggregate" to 0 to see all help / error messages
[wn273.scope.unina.it:16774] *** An error occurred in MPI_Bcast
[wn273.scope.unina.it:16774] *** on communicator MPI COMMUNICATOR 5 SPLIT FROM 3
[wn273.scope.unina.it:16774] *** MPI_ERR_ROOT: invalid root
[wn273.scope.unina.it:16774] *** MPI_ERRORS_ARE_FATAL (your MPI job will now abort)
--------------------------------------------------------------------------
mpirun has exited due to process rank 1 with PID 16774 on
node wn273.scope.unina.it exiting without calling "finalize". This may
have caused other processes in the application to be
terminated by signals sent by mpirun (as reported here).
--------------------------------------------------------------------------
[wn273.scope.unina.it:16772] 1 more process has sent help message help-mpi-errors.txt / mpi_errors_are_fatal
[wn273.scope.unina.it:16772] Set MCA parameter "orte_base_help_aggregate" to 0 to see all help / error messages
[wn273.scope.unina.it:16786] *** An error occurred in MPI_Bcast
[wn273.scope.unina.it:16786] *** on communicator MPI COMMUNICATOR 5 SPLIT FROM 3
[wn273.scope.unina.it:16786] *** MPI_ERR_ROOT: invalid root
[wn273.scope.unina.it:16786] *** MPI_ERRORS_ARE_FATAL (your MPI job will now abort)
--------------------------------------------------------------------------
mpirun has exited due to process rank 1 with PID 16786 on
node wn273.scope.unina.it exiting without calling "finalize". This may
have caused other processes in the application to be
terminated by signals sent by mpirun (as reported here).
--------------------------------------------------------------------------
[wn273.scope.unina.it:16784] 1 more process has sent help message help-mpi-errors.txt / mpi_errors_are_fatal
[wn273.scope.unina.it:16784] Set MCA parameter "orte_base_help_aggregate" to 0 to see all help / error messages
[wn273.scope.unina.it:16798] *** An error occurred in MPI_Bcast
[wn273.scope.unina.it:16798] *** on communicator MPI COMMUNICATOR 5 SPLIT FROM 3
[wn273.scope.unina.it:16798] *** MPI_ERR_ROOT: invalid root
[wn273.scope.unina.it:16798] *** MPI_ERRORS_ARE_FATAL (your MPI job will now abort)
--------------------------------------------------------------------------
mpirun has exited due to process rank 1 with PID 16798 on
node wn273.scope.unina.it exiting without calling "finalize". This may
have caused other processes in the application to be
terminated by signals sent by mpirun (as reported here).
--------------------------------------------------------------------------
[wn273.scope.unina.it:16796] 1 more process has sent help message help-mpi-errors.txt / mpi_errors_are_fatal
[wn273.scope.unina.it:16796] Set MCA parameter "orte_base_help_aggregate" to 0 to see all help / error messages
[wn273.scope.unina.it:16810] *** An error occurred in MPI_Bcast
[wn273.scope.unina.it:16810] *** on communicator MPI COMMUNICATOR 5 SPLIT FROM 3
[wn273.scope.unina.it:16810] *** MPI_ERR_ROOT: invalid root
[wn273.scope.unina.it:16810] *** MPI_ERRORS_ARE_FATAL (your MPI job will now abort)
--------------------------------------------------------------------------
mpirun has exited due to process rank 1 with PID 16810 on
node wn273.scope.unina.it exiting without calling "finalize". This may
have caused other processes in the application to be
terminated by signals sent by mpirun (as reported here).
--------------------------------------------------------------------------
[wn273.scope.unina.it:16808] 1 more process has sent help message help-mpi-errors.txt / mpi_errors_are_fatal
[wn273.scope.unina.it:16808] Set MCA parameter "orte_base_help_aggregate" to 0 to see all help / error messages
[wn273.scope.unina.it:16822] *** An error occurred in MPI_Bcast
[wn273.scope.unina.it:16822] *** on communicator MPI COMMUNICATOR 5 SPLIT FROM 3
[wn273.scope.unina.it:16822] *** MPI_ERR_ROOT: invalid root
[wn273.scope.unina.it:16822] *** MPI_ERRORS_ARE_FATAL (your MPI job will now abort)
--------------------------------------------------------------------------
mpirun has exited due to process rank 1 with PID 16822 on
node wn273.scope.unina.it exiting without calling "finalize". This may
have caused other processes in the application to be
terminated by signals sent by mpirun (as reported here).
--------------------------------------------------------------------------
[wn273.scope.unina.it:16820] 1 more process has sent help message help-mpi-errors.txt / mpi_errors_are_fatal
[wn273.scope.unina.it:16820] Set MCA parameter "orte_base_help_aggregate" to 0 to see all help / error messages
[wn273.scope.unina.it:16834] *** An error occurred in MPI_Bcast
[wn273.scope.unina.it:16834] *** on communicator MPI COMMUNICATOR 5 SPLIT FROM 3
[wn273.scope.unina.it:16834] *** MPI_ERR_ROOT: invalid root
[wn273.scope.unina.it:16834] *** MPI_ERRORS_ARE_FATAL (your MPI job will now abort)
--------------------------------------------------------------------------
mpirun has exited due to process rank 1 with PID 16834 on
node wn273.scope.unina.it exiting without calling "finalize". This may
have caused other processes in the application to be
terminated by signals sent by mpirun (as reported here).
--------------------------------------------------------------------------
[wn273.scope.unina.it:16832] 1 more process has sent help message help-mpi-errors.txt / mpi_errors_are_fatal
[wn273.scope.unina.it:16832] Set MCA parameter "orte_base_help_aggregate" to 0 to see all help / error messages
[wn273.scope.unina.it:16846] *** An error occurred in MPI_Bcast
[wn273.scope.unina.it:16846] *** on communicator MPI COMMUNICATOR 5 SPLIT FROM 3
[wn273.scope.unina.it:16846] *** MPI_ERR_ROOT: invalid root
[wn273.scope.unina.it:16846] *** MPI_ERRORS_ARE_FATAL (your MPI job will now abort)
--------------------------------------------------------------------------
mpirun has exited due to process rank 1 with PID 16846 on
node wn273.scope.unina.it exiting without calling "finalize". This may
have caused other processes in the application to be
terminated by signals sent by mpirun (as reported here).
--------------------------------------------------------------------------
[wn273.scope.unina.it:16844] 1 more process has sent help message help-mpi-errors.txt / mpi_errors_are_fatal
[wn273.scope.unina.it:16844] Set MCA parameter "orte_base_help_aggregate" to 0 to see all help / error messages
[wn273.scope.unina.it:16858] *** An error occurred in MPI_Bcast
[wn273.scope.unina.it:16858] *** on communicator MPI COMMUNICATOR 5 SPLIT FROM 3
[wn273.scope.unina.it:16858] *** MPI_ERR_ROOT: invalid root
[wn273.scope.unina.it:16858] *** MPI_ERRORS_ARE_FATAL (your MPI job will now abort)
--------------------------------------------------------------------------
mpirun has exited due to process rank 1 with PID 16858 on
node wn273.scope.unina.it exiting without calling "finalize". This may
have caused other processes in the application to be
terminated by signals sent by mpirun (as reported here).
--------------------------------------------------------------------------
[wn273.scope.unina.it:16856] 1 more process has sent help message help-mpi-errors.txt / mpi_errors_are_fatal
[wn273.scope.unina.it:16856] Set MCA parameter "orte_base_help_aggregate" to 0 to see all help / error messages
[wn273.scope.unina.it:16874] *** An error occurred in MPI_Bcast
[wn273.scope.unina.it:16874] *** on communicator MPI COMMUNICATOR 5 SPLIT FROM 3
[wn273.scope.unina.it:16874] *** MPI_ERR_ROOT: invalid root
[wn273.scope.unina.it:16874] *** MPI_ERRORS_ARE_FATAL (your MPI job will now abort)
--------------------------------------------------------------------------
mpirun has exited due to process rank 1 with PID 16874 on
node wn273.scope.unina.it exiting without calling "finalize". This may
have caused other processes in the application to be
terminated by signals sent by mpirun (as reported here).
--------------------------------------------------------------------------
[wn273.scope.unina.it:16872] 1 more process has sent help message help-mpi-errors.txt / mpi_errors_are_fatal
[wn273.scope.unina.it:16872] Set MCA parameter "orte_base_help_aggregate" to 0 to see all help / error messages
[wn273.scope.unina.it:16890] *** An error occurred in MPI_Bcast
[wn273.scope.unina.it:16890] *** on communicator MPI COMMUNICATOR 5 SPLIT FROM 3
[wn273.scope.unina.it:16890] *** MPI_ERR_ROOT: invalid root
[wn273.scope.unina.it:16890] *** MPI_ERRORS_ARE_FATAL (your MPI job will now abort)
--------------------------------------------------------------------------
mpirun has exited due to process rank 1 with PID 16890 on
node wn273.scope.unina.it exiting without calling "finalize". This may
have caused other processes in the application to be
terminated by signals sent by mpirun (as reported here).
--------------------------------------------------------------------------
[wn273.scope.unina.it:16888] 1 more process has sent help message help-mpi-errors.txt / mpi_errors_are_fatal
[wn273.scope.unina.it:16888] Set MCA parameter "orte_base_help_aggregate" to 0 to see all help / error messages
[wn273.scope.unina.it:16906] *** An error occurred in MPI_Bcast
[wn273.scope.unina.it:16906] *** on communicator MPI COMMUNICATOR 5 SPLIT FROM 3
[wn273.scope.unina.it:16906] *** MPI_ERR_ROOT: invalid root
[wn273.scope.unina.it:16906] *** MPI_ERRORS_ARE_FATAL (your MPI job will now abort)
--------------------------------------------------------------------------
mpirun has exited due to process rank 1 with PID 16906 on
node wn273.scope.unina.it exiting without calling "finalize". This may
have caused other processes in the application to be
terminated by signals sent by mpirun (as reported here).
--------------------------------------------------------------------------
[wn273.scope.unina.it:16904] 1 more process has sent help message help-mpi-errors.txt / mpi_errors_are_fatal
[wn273.scope.unina.it:16904] Set MCA parameter "orte_base_help_aggregate" to 0 to see all help / error messages
[wn273.scope.unina.it:16922] *** An error occurred in MPI_Bcast
[wn273.scope.unina.it:16922] *** on communicator MPI COMMUNICATOR 5 SPLIT FROM 3
[wn273.scope.unina.it:16922] *** MPI_ERR_ROOT: invalid root
[wn273.scope.unina.it:16922] *** MPI_ERRORS_ARE_FATAL (your MPI job will now abort)
--------------------------------------------------------------------------
mpirun has exited due to process rank 1 with PID 16922 on
node wn273.scope.unina.it exiting without calling "finalize". This may
have caused other processes in the application to be
terminated by signals sent by mpirun (as reported here).
--------------------------------------------------------------------------
[wn273.scope.unina.it:16920] 1 more process has sent help message help-mpi-errors.txt / mpi_errors_are_fatal
[wn273.scope.unina.it:16920] Set MCA parameter "orte_base_help_aggregate" to 0 to see all help / error messages
[wn273.scope.unina.it:16938] *** An error occurred in MPI_Bcast
[wn273.scope.unina.it:16938] *** on communicator MPI COMMUNICATOR 5 SPLIT FROM 3
[wn273.scope.unina.it:16938] *** MPI_ERR_ROOT: invalid root
[wn273.scope.unina.it:16938] *** MPI_ERRORS_ARE_FATAL (your MPI job will now abort)
--------------------------------------------------------------------------
mpirun has exited due to process rank 1 with PID 16938 on
node wn273.scope.unina.it exiting without calling "finalize". This may
have caused other processes in the application to be
terminated by signals sent by mpirun (as reported here).
--------------------------------------------------------------------------
[wn273.scope.unina.it:16936] 1 more process has sent help message help-mpi-errors.txt / mpi_errors_are_fatal
[wn273.scope.unina.it:16936] Set MCA parameter "orte_base_help_aggregate" to 0 to see all help / error messages
[wn273.scope.unina.it:16954] *** An error occurred in MPI_Bcast
[wn273.scope.unina.it:16954] *** on communicator MPI COMMUNICATOR 5 SPLIT FROM 3
[wn273.scope.unina.it:16954] *** MPI_ERR_ROOT: invalid root
[wn273.scope.unina.it:16954] *** MPI_ERRORS_ARE_FATAL (your MPI job will now abort)
--------------------------------------------------------------------------
mpirun has exited due to process rank 1 with PID 16954 on
node wn273.scope.unina.it exiting without calling "finalize". This may
have caused other processes in the application to be
terminated by signals sent by mpirun (as reported here).
--------------------------------------------------------------------------
[wn273.scope.unina.it:16952] 1 more process has sent help message help-mpi-errors.txt / mpi_errors_are_fatal
[wn273.scope.unina.it:16952] Set MCA parameter "orte_base_help_aggregate" to 0 to see all help / error messages
[wn273.scope.unina.it:16970] *** An error occurred in MPI_Bcast
[wn273.scope.unina.it:16970] *** on communicator MPI COMMUNICATOR 5 SPLIT FROM 3
[wn273.scope.unina.it:16970] *** MPI_ERR_ROOT: invalid root
[wn273.scope.unina.it:16970] *** MPI_ERRORS_ARE_FATAL (your MPI job will now abort)
--------------------------------------------------------------------------
mpirun has exited due to process rank 1 with PID 16970 on
node wn273.scope.unina.it exiting without calling "finalize". This may
have caused other processes in the application to be
terminated by signals sent by mpirun (as reported here).
--------------------------------------------------------------------------
[wn273.scope.unina.it:16968] 1 more process has sent help message help-mpi-errors.txt / mpi_errors_are_fatal
[wn273.scope.unina.it:16968] Set MCA parameter "orte_base_help_aggregate" to 0 to see all help / error messages
[wn273.scope.unina.it:16986] *** An error occurred in MPI_Bcast
[wn273.scope.unina.it:16986] *** on communicator MPI COMMUNICATOR 5 SPLIT FROM 3
[wn273.scope.unina.it:16986] *** MPI_ERR_ROOT: invalid root
[wn273.scope.unina.it:16986] *** MPI_ERRORS_ARE_FATAL (your MPI job will now abort)
--------------------------------------------------------------------------
mpirun has exited due to process rank 1 with PID 16986 on
node wn273.scope.unina.it exiting without calling "finalize". This may
have caused other processes in the application to be
terminated by signals sent by mpirun (as reported here).
--------------------------------------------------------------------------
[wn273.scope.unina.it:16984] 1 more process has sent help message help-mpi-errors.txt / mpi_errors_are_fatal
[wn273.scope.unina.it:16984] Set MCA parameter "orte_base_help_aggregate" to 0 to see all help / error messages
[wn273.scope.unina.it:17010] *** An error occurred in MPI_Bcast
[wn273.scope.unina.it:17010] *** on communicator MPI COMMUNICATOR 5 SPLIT FROM 3
[wn273.scope.unina.it:17010] *** MPI_ERR_ROOT: invalid root
[wn273.scope.unina.it:17010] *** MPI_ERRORS_ARE_FATAL (your MPI job will now abort)
--------------------------------------------------------------------------
mpirun has exited due to process rank 1 with PID 17010 on
node wn273.scope.unina.it exiting without calling "finalize". This may
have caused other processes in the application to be
terminated by signals sent by mpirun (as reported here).
--------------------------------------------------------------------------
[wn273.scope.unina.it:17008] 1 more process has sent help message help-mpi-errors.txt / mpi_errors_are_fatal
[wn273.scope.unina.it:17008] Set MCA parameter "orte_base_help_aggregate" to 0 to see all help / error messages
[wn273.scope.unina.it:17034] *** An error occurred in MPI_Bcast
[wn273.scope.unina.it:17034] *** on communicator MPI COMMUNICATOR 5 SPLIT FROM 3
[wn273.scope.unina.it:17034] *** MPI_ERR_ROOT: invalid root
[wn273.scope.unina.it:17034] *** MPI_ERRORS_ARE_FATAL (your MPI job will now abort)
--------------------------------------------------------------------------
mpirun has exited due to process rank 1 with PID 17034 on
node wn273.scope.unina.it exiting without calling "finalize". This may
have caused other processes in the application to be
terminated by signals sent by mpirun (as reported here).
--------------------------------------------------------------------------
[wn273.scope.unina.it:17032] 1 more process has sent help message help-mpi-errors.txt / mpi_errors_are_fatal
[wn273.scope.unina.it:17032] Set MCA parameter "orte_base_help_aggregate" to 0 to see all help / error messages
[wn273.scope.unina.it:17058] *** An error occurred in MPI_Bcast
[wn273.scope.unina.it:17058] *** on communicator MPI COMMUNICATOR 5 SPLIT FROM 3
[wn273.scope.unina.it:17058] *** MPI_ERR_ROOT: invalid root
[wn273.scope.unina.it:17058] *** MPI_ERRORS_ARE_FATAL (your MPI job will now abort)
--------------------------------------------------------------------------
mpirun has exited due to process rank 1 with PID 17058 on
node wn273.scope.unina.it exiting without calling "finalize". This may
have caused other processes in the application to be
terminated by signals sent by mpirun (as reported here).
--------------------------------------------------------------------------
[wn273.scope.unina.it:17056] 1 more process has sent help message help-mpi-errors.txt / mpi_errors_are_fatal
[wn273.scope.unina.it:17056] Set MCA parameter "orte_base_help_aggregate" to 0 to see all help / error messages
[wn273.scope.unina.it:17082] *** An error occurred in MPI_Bcast
[wn273.scope.unina.it:17082] *** on communicator MPI COMMUNICATOR 5 SPLIT FROM 3
[wn273.scope.unina.it:17082] *** MPI_ERR_ROOT: invalid root
[wn273.scope.unina.it:17082] *** MPI_ERRORS_ARE_FATAL (your MPI job will now abort)
--------------------------------------------------------------------------
mpirun has exited due to process rank 1 with PID 17082 on
node wn273.scope.unina.it exiting without calling "finalize". This may
have caused other processes in the application to be
terminated by signals sent by mpirun (as reported here).
--------------------------------------------------------------------------
[wn273.scope.unina.it:17080] 1 more process has sent help message help-mpi-errors.txt / mpi_errors_are_fatal
[wn273.scope.unina.it:17080] Set MCA parameter "orte_base_help_aggregate" to 0 to see all help / error messages
[wn273.scope.unina.it:17106] *** An error occurred in MPI_Bcast
[wn273.scope.unina.it:17106] *** on communicator MPI COMMUNICATOR 5 SPLIT FROM 3
[wn273.scope.unina.it:17106] *** MPI_ERR_ROOT: invalid root
[wn273.scope.unina.it:17106] *** MPI_ERRORS_ARE_FATAL (your MPI job will now abort)
--------------------------------------------------------------------------
mpirun has exited due to process rank 1 with PID 17106 on
node wn273.scope.unina.it exiting without calling "finalize". This may
have caused other processes in the application to be
terminated by signals sent by mpirun (as reported here).
--------------------------------------------------------------------------
[wn273.scope.unina.it:17104] 1 more process has sent help message help-mpi-errors.txt / mpi_errors_are_fatal
[wn273.scope.unina.it:17104] Set MCA parameter "orte_base_help_aggregate" to 0 to see all help / error messages
[wn273.scope.unina.it:17130] *** An error occurred in MPI_Bcast
[wn273.scope.unina.it:17130] *** on communicator MPI COMMUNICATOR 5 SPLIT FROM 3
[wn273.scope.unina.it:17130] *** MPI_ERR_ROOT: invalid root
[wn273.scope.unina.it:17130] *** MPI_ERRORS_ARE_FATAL (your MPI job will now abort)
--------------------------------------------------------------------------
mpirun has exited due to process rank 1 with PID 17130 on
node wn273.scope.unina.it exiting without calling "finalize". This may
have caused other processes in the application to be
terminated by signals sent by mpirun (as reported here).
--------------------------------------------------------------------------
[wn273.scope.unina.it:17128] 1 more process has sent help message help-mpi-errors.txt / mpi_errors_are_fatal
[wn273.scope.unina.it:17128] Set MCA parameter "orte_base_help_aggregate" to 0 to see all help / error messages
[wn273.scope.unina.it:17154] *** An error occurred in MPI_Bcast
[wn273.scope.unina.it:17154] *** on communicator MPI COMMUNICATOR 5 SPLIT FROM 3
[wn273.scope.unina.it:17154] *** MPI_ERR_ROOT: invalid root
[wn273.scope.unina.it:17154] *** MPI_ERRORS_ARE_FATAL (your MPI job will now abort)
--------------------------------------------------------------------------
mpirun has exited due to process rank 1 with PID 17154 on
node wn273.scope.unina.it exiting without calling "finalize". This may
have caused other processes in the application to be
terminated by signals sent by mpirun (as reported here).
--------------------------------------------------------------------------
[wn273.scope.unina.it:17152] 1 more process has sent help message help-mpi-errors.txt / mpi_errors_are_fatal
[wn273.scope.unina.it:17152] Set MCA parameter "orte_base_help_aggregate" to 0 to see all help / error messages
[wn273.scope.unina.it:18591] *** An error occurred in MPI_Bcast
[wn273.scope.unina.it:18591] *** on communicator MPI COMMUNICATOR 5 SPLIT FROM 3
[wn273.scope.unina.it:18591] *** MPI_ERR_ROOT: invalid root
[wn273.scope.unina.it:18591] *** MPI_ERRORS_ARE_FATAL (your MPI job will now abort)
--------------------------------------------------------------------------
mpirun has exited due to process rank 2 with PID 18587 on
node wn273.scope.unina.it exiting without calling "finalize". This may
have caused other processes in the application to be
terminated by signals sent by mpirun (as reported here).
--------------------------------------------------------------------------
[wn273.scope.unina.it:18584] 7 more processes have sent help message help-mpi-errors.txt / mpi_errors_are_fatal
[wn273.scope.unina.it:18584] Set MCA parameter "orte_base_help_aggregate" to 0 to see all help / error messages
[wn273.scope.unina.it:18633] *** An error occurred in MPI_Bcast
[wn273.scope.unina.it:18633] *** on communicator MPI COMMUNICATOR 5 SPLIT FROM 3
[wn273.scope.unina.it:18633] *** MPI_ERR_ROOT: invalid root
[wn273.scope.unina.it:18633] *** MPI_ERRORS_ARE_FATAL (your MPI job will now abort)
--------------------------------------------------------------------------
mpirun has exited due to process rank 5 with PID 18632 on
node wn273.scope.unina.it exiting without calling "finalize". This may
have caused other processes in the application to be
terminated by signals sent by mpirun (as reported here).
--------------------------------------------------------------------------
[wn273.scope.unina.it:18626] 7 more processes have sent help message help-mpi-errors.txt / mpi_errors_are_fatal
[wn273.scope.unina.it:18626] Set MCA parameter "orte_base_help_aggregate" to 0 to see all help / error messages
[wn273.scope.unina.it:18675] *** An error occurred in MPI_Bcast
[wn273.scope.unina.it:18675] *** on communicator MPI COMMUNICATOR 5 SPLIT FROM 3
[wn273.scope.unina.it:18675] *** MPI_ERR_ROOT: invalid root
[wn273.scope.unina.it:18675] *** MPI_ERRORS_ARE_FATAL (your MPI job will now abort)
--------------------------------------------------------------------------
mpirun has exited due to process rank 6 with PID 18675 on
node wn273.scope.unina.it exiting without calling "finalize". This may
have caused other processes in the application to be
terminated by signals sent by mpirun (as reported here).
--------------------------------------------------------------------------
[wn273.scope.unina.it:18668] 7 more processes have sent help message help-mpi-errors.txt / mpi_errors_are_fatal
[wn273.scope.unina.it:18668] Set MCA parameter "orte_base_help_aggregate" to 0 to see all help / error messages
[wn273.scope.unina.it:18717] *** An error occurred in MPI_Bcast
[wn273.scope.unina.it:18717] *** on communicator MPI COMMUNICATOR 5 SPLIT FROM 3
[wn273.scope.unina.it:18717] *** MPI_ERR_ROOT: invalid root
[wn273.scope.unina.it:18717] *** MPI_ERRORS_ARE_FATAL (your MPI job will now abort)
--------------------------------------------------------------------------
mpirun has exited due to process rank 6 with PID 18717 on
node wn273.scope.unina.it exiting without calling "finalize". This may
have caused other processes in the application to be
terminated by signals sent by mpirun (as reported here).
--------------------------------------------------------------------------
[wn273.scope.unina.it:18710] 4 more processes have sent help message help-mpi-errors.txt / mpi_errors_are_fatal
[wn273.scope.unina.it:18710] Set MCA parameter "orte_base_help_aggregate" to 0 to see all help / error messages
[wn273.scope.unina.it:18759] *** An error occurred in MPI_Bcast
[wn273.scope.unina.it:18759] *** on communicator MPI COMMUNICATOR 5 SPLIT FROM 3
[wn273.scope.unina.it:18759] *** MPI_ERR_ROOT: invalid root
[wn273.scope.unina.it:18759] *** MPI_ERRORS_ARE_FATAL (your MPI job will now abort)
--------------------------------------------------------------------------
mpirun has exited due to process rank 6 with PID 18759 on
node wn273.scope.unina.it exiting without calling "finalize". This may
have caused other processes in the application to be
terminated by signals sent by mpirun (as reported here).
--------------------------------------------------------------------------
[wn273.scope.unina.it:18752] 3 more processes have sent help message help-mpi-errors.txt / mpi_errors_are_fatal
[wn273.scope.unina.it:18752] Set MCA parameter "orte_base_help_aggregate" to 0 to see all help / error messages
[wn273.scope.unina.it:18801] *** An error occurred in MPI_Bcast
[wn273.scope.unina.it:18801] *** on communicator MPI COMMUNICATOR 5 SPLIT FROM 3
[wn273.scope.unina.it:18801] *** MPI_ERR_ROOT: invalid root
[wn273.scope.unina.it:18801] *** MPI_ERRORS_ARE_FATAL (your MPI job will now abort)
--------------------------------------------------------------------------
mpirun has exited due to process rank 6 with PID 18801 on
node wn273.scope.unina.it exiting without calling "finalize". This may
have caused other processes in the application to be
terminated by signals sent by mpirun (as reported here).
--------------------------------------------------------------------------
[wn273.scope.unina.it:18794] 3 more processes have sent help message help-mpi-errors.txt / mpi_errors_are_fatal
[wn273.scope.unina.it:18794] Set MCA parameter "orte_base_help_aggregate" to 0 to see all help / error messages
[wn273.scope.unina.it:18843] *** An error occurred in MPI_Bcast
[wn273.scope.unina.it:18843] *** on communicator MPI COMMUNICATOR 5 SPLIT FROM 3
[wn273.scope.unina.it:18843] *** MPI_ERR_ROOT: invalid root
[wn273.scope.unina.it:18843] *** MPI_ERRORS_ARE_FATAL (your MPI job will now abort)
--------------------------------------------------------------------------
mpirun has exited due to process rank 6 with PID 18843 on
node wn273.scope.unina.it exiting without calling "finalize". This may
have caused other processes in the application to be
terminated by signals sent by mpirun (as reported here).
--------------------------------------------------------------------------
[wn273.scope.unina.it:18836] 3 more processes have sent help message help-mpi-errors.txt / mpi_errors_are_fatal
[wn273.scope.unina.it:18836] Set MCA parameter "orte_base_help_aggregate" to 0 to see all help / error messages
[wn273.scope.unina.it:18884] *** An error occurred in MPI_Bcast
[wn273.scope.unina.it:18884] *** on communicator MPI COMMUNICATOR 5 SPLIT FROM 3
[wn273.scope.unina.it:18884] *** MPI_ERR_ROOT: invalid root
[wn273.scope.unina.it:18884] *** MPI_ERRORS_ARE_FATAL (your MPI job will now abort)
--------------------------------------------------------------------------
mpirun has exited due to process rank 6 with PID 18885 on
node wn273.scope.unina.it exiting without calling "finalize". This may
have caused other processes in the application to be
terminated by signals sent by mpirun (as reported here).
--------------------------------------------------------------------------
[wn273.scope.unina.it:18878] 3 more processes have sent help message help-mpi-errors.txt / mpi_errors_are_fatal
[wn273.scope.unina.it:18878] Set MCA parameter "orte_base_help_aggregate" to 0 to see all help / error messages
[wn273.scope.unina.it:18927] *** An error occurred in MPI_Bcast
[wn273.scope.unina.it:18927] *** on communicator MPI COMMUNICATOR 5 SPLIT FROM 3
[wn273.scope.unina.it:18927] *** MPI_ERR_ROOT: invalid root
[wn273.scope.unina.it:18927] *** MPI_ERRORS_ARE_FATAL (your MPI job will now abort)
--------------------------------------------------------------------------
mpirun has exited due to process rank 4 with PID 18925 on
node wn273.scope.unina.it exiting without calling "finalize". This may
have caused other processes in the application to be
terminated by signals sent by mpirun (as reported here).
--------------------------------------------------------------------------
[wn273.scope.unina.it:18920] 6 more processes have sent help message help-mpi-errors.txt / mpi_errors_are_fatal
[wn273.scope.unina.it:18920] Set MCA parameter "orte_base_help_aggregate" to 0 to see all help / error messages
[wn273.scope.unina.it:18985] *** An error occurred in MPI_Bcast
[wn273.scope.unina.it:18985] *** on communicator MPI COMMUNICATOR 5 SPLIT FROM 3
[wn273.scope.unina.it:18985] *** MPI_ERR_ROOT: invalid root
[wn273.scope.unina.it:18985] *** MPI_ERRORS_ARE_FATAL (your MPI job will now abort)
--------------------------------------------------------------------------
mpirun has exited due to process rank 6 with PID 18985 on
node wn273.scope.unina.it exiting without calling "finalize". This may
have caused other processes in the application to be
terminated by signals sent by mpirun (as reported here).
--------------------------------------------------------------------------
[wn273.scope.unina.it:18978] 7 more processes have sent help message help-mpi-errors.txt / mpi_errors_are_fatal
[wn273.scope.unina.it:18978] Set MCA parameter "orte_base_help_aggregate" to 0 to see all help / error messages
[wn273.scope.unina.it:19043] *** An error occurred in MPI_Bcast
[wn273.scope.unina.it:19043] *** on communicator MPI COMMUNICATOR 5 SPLIT FROM 3
[wn273.scope.unina.it:19043] *** MPI_ERR_ROOT: invalid root
[wn273.scope.unina.it:19043] *** MPI_ERRORS_ARE_FATAL (your MPI job will now abort)
--------------------------------------------------------------------------
mpirun has exited due to process rank 5 with PID 19042 on
node wn273.scope.unina.it exiting without calling "finalize". This may
have caused other processes in the application to be
terminated by signals sent by mpirun (as reported here).
--------------------------------------------------------------------------
[wn273.scope.unina.it:19036] 3 more processes have sent help message help-mpi-errors.txt / mpi_errors_are_fatal
[wn273.scope.unina.it:19036] Set MCA parameter "orte_base_help_aggregate" to 0 to see all help / error messages
[wn273.scope.unina.it:19101] *** An error occurred in MPI_Bcast
[wn273.scope.unina.it:19101] *** on communicator MPI COMMUNICATOR 5 SPLIT FROM 3
[wn273.scope.unina.it:19101] *** MPI_ERR_ROOT: invalid root
[wn273.scope.unina.it:19101] *** MPI_ERRORS_ARE_FATAL (your MPI job will now abort)
--------------------------------------------------------------------------
mpirun has exited due to process rank 5 with PID 19100 on
node wn273.scope.unina.it exiting without calling "finalize". This may
have caused other processes in the application to be
terminated by signals sent by mpirun (as reported here).
--------------------------------------------------------------------------
[wn273.scope.unina.it:19094] 7 more processes have sent help message help-mpi-errors.txt / mpi_errors_are_fatal
[wn273.scope.unina.it:19094] Set MCA parameter "orte_base_help_aggregate" to 0 to see all help / error messages
[wn273.scope.unina.it:19159] *** An error occurred in MPI_Bcast
[wn273.scope.unina.it:19159] *** on communicator MPI COMMUNICATOR 5 SPLIT FROM 3
[wn273.scope.unina.it:19159] *** MPI_ERR_ROOT: invalid root
[wn273.scope.unina.it:19159] *** MPI_ERRORS_ARE_FATAL (your MPI job will now abort)
--------------------------------------------------------------------------
mpirun has exited due to process rank 6 with PID 19159 on
node wn273.scope.unina.it exiting without calling "finalize". This may
have caused other processes in the application to be
terminated by signals sent by mpirun (as reported here).
--------------------------------------------------------------------------
[wn273.scope.unina.it:19152] 4 more processes have sent help message help-mpi-errors.txt / mpi_errors_are_fatal
[wn273.scope.unina.it:19152] Set MCA parameter "orte_base_help_aggregate" to 0 to see all help / error messages
[wn273.scope.unina.it:19217] *** An error occurred in MPI_Bcast
[wn273.scope.unina.it:19217] *** on communicator MPI COMMUNICATOR 5 SPLIT FROM 3
[wn273.scope.unina.it:19217] *** MPI_ERR_ROOT: invalid root
[wn273.scope.unina.it:19217] *** MPI_ERRORS_ARE_FATAL (your MPI job will now abort)
--------------------------------------------------------------------------
mpirun has exited due to process rank 6 with PID 19217 on
node wn273.scope.unina.it exiting without calling "finalize". This may
have caused other processes in the application to be
terminated by signals sent by mpirun (as reported here).
--------------------------------------------------------------------------
[wn273.scope.unina.it:19210] 5 more processes have sent help message help-mpi-errors.txt / mpi_errors_are_fatal
[wn273.scope.unina.it:19210] Set MCA parameter "orte_base_help_aggregate" to 0 to see all help / error messages
[wn273.scope.unina.it:19275] *** An error occurred in MPI_Bcast
[wn273.scope.unina.it:19275] *** on communicator MPI COMMUNICATOR 5 SPLIT FROM 3
[wn273.scope.unina.it:19275] *** MPI_ERR_ROOT: invalid root
[wn273.scope.unina.it:19275] *** MPI_ERRORS_ARE_FATAL (your MPI job will now abort)
--------------------------------------------------------------------------
mpirun has exited due to process rank 6 with PID 19275 on
node wn273.scope.unina.it exiting without calling "finalize". This may
have caused other processes in the application to be
terminated by signals sent by mpirun (as reported here).
--------------------------------------------------------------------------
[wn273.scope.unina.it:19268] 4 more processes have sent help message help-mpi-errors.txt / mpi_errors_are_fatal
[wn273.scope.unina.it:19268] Set MCA parameter "orte_base_help_aggregate" to 0 to see all help / error messages
[wn273.scope.unina.it:19333] *** An error occurred in MPI_Bcast
[wn273.scope.unina.it:19333] *** on communicator MPI COMMUNICATOR 5 SPLIT FROM 3
[wn273.scope.unina.it:19333] *** MPI_ERR_ROOT: invalid root
[wn273.scope.unina.it:19333] *** MPI_ERRORS_ARE_FATAL (your MPI job will now abort)
--------------------------------------------------------------------------
mpirun has exited due to process rank 6 with PID 19333 on
node wn273.scope.unina.it exiting without calling "finalize". This may
have caused other processes in the application to be
terminated by signals sent by mpirun (as reported here).
--------------------------------------------------------------------------
[wn273.scope.unina.it:19326] 3 more processes have sent help message help-mpi-errors.txt / mpi_errors_are_fatal
[wn273.scope.unina.it:19326] Set MCA parameter "orte_base_help_aggregate" to 0 to see all help / error messages
[wn273.scope.unina.it:19391] *** An error occurred in MPI_Bcast
[wn273.scope.unina.it:19391] *** on communicator MPI COMMUNICATOR 5 SPLIT FROM 3
[wn273.scope.unina.it:19391] *** MPI_ERR_ROOT: invalid root
[wn273.scope.unina.it:19391] *** MPI_ERRORS_ARE_FATAL (your MPI job will now abort)
--------------------------------------------------------------------------
mpirun has exited due to process rank 6 with PID 19391 on
node wn273.scope.unina.it exiting without calling "finalize". This may
have caused other processes in the application to be
terminated by signals sent by mpirun (as reported here).
--------------------------------------------------------------------------
[wn273.scope.unina.it:19384] 7 more processes have sent help message help-mpi-errors.txt / mpi_errors_are_fatal
[wn273.scope.unina.it:19384] Set MCA parameter "orte_base_help_aggregate" to 0 to see all help / error messages
[wn273.scope.unina.it:19481] *** An error occurred in MPI_Bcast
[wn273.scope.unina.it:19481] *** on communicator MPI COMMUNICATOR 5 SPLIT FROM 3
[wn273.scope.unina.it:19481] *** MPI_ERR_ROOT: invalid root
[wn273.scope.unina.it:19481] *** MPI_ERRORS_ARE_FATAL (your MPI job will now abort)
--------------------------------------------------------------------------
mpirun has exited due to process rank 6 with PID 19481 on
node wn273.scope.unina.it exiting without calling "finalize". This may
have caused other processes in the application to be
terminated by signals sent by mpirun (as reported here).
--------------------------------------------------------------------------
[wn273.scope.unina.it:19474] 7 more processes have sent help message help-mpi-errors.txt / mpi_errors_are_fatal
[wn273.scope.unina.it:19474] Set MCA parameter "orte_base_help_aggregate" to 0 to see all help / error messages
[wn273.scope.unina.it:19571] *** An error occurred in MPI_Bcast
[wn273.scope.unina.it:19571] *** on communicator MPI COMMUNICATOR 5 SPLIT FROM 3
[wn273.scope.unina.it:19571] *** MPI_ERR_ROOT: invalid root
[wn273.scope.unina.it:19571] *** MPI_ERRORS_ARE_FATAL (your MPI job will now abort)
--------------------------------------------------------------------------
mpirun has exited due to process rank 6 with PID 19571 on
node wn273.scope.unina.it exiting without calling "finalize". This may
have caused other processes in the application to be
terminated by signals sent by mpirun (as reported here).
--------------------------------------------------------------------------
[wn273.scope.unina.it:19564] 3 more processes have sent help message help-mpi-errors.txt / mpi_errors_are_fatal
[wn273.scope.unina.it:19564] Set MCA parameter "orte_base_help_aggregate" to 0 to see all help / error messages
[wn273.scope.unina.it:19661] *** An error occurred in MPI_Bcast
[wn273.scope.unina.it:19661] *** on communicator MPI COMMUNICATOR 5 SPLIT FROM 3
[wn273.scope.unina.it:19661] *** MPI_ERR_ROOT: invalid root
[wn273.scope.unina.it:19661] *** MPI_ERRORS_ARE_FATAL (your MPI job will now abort)
--------------------------------------------------------------------------
mpirun has exited due to process rank 6 with PID 19661 on
node wn273.scope.unina.it exiting without calling "finalize". This may
have caused other processes in the application to be
terminated by signals sent by mpirun (as reported here).
--------------------------------------------------------------------------
[wn273.scope.unina.it:19654] 7 more processes have sent help message help-mpi-errors.txt / mpi_errors_are_fatal
[wn273.scope.unina.it:19654] Set MCA parameter "orte_base_help_aggregate" to 0 to see all help / error messages
[wn273.scope.unina.it:19751] *** An error occurred in MPI_Bcast
[wn273.scope.unina.it:19751] *** on communicator MPI COMMUNICATOR 5 SPLIT FROM 3
[wn273.scope.unina.it:19751] *** MPI_ERR_ROOT: invalid root
[wn273.scope.unina.it:19751] *** MPI_ERRORS_ARE_FATAL (your MPI job will now abort)
--------------------------------------------------------------------------
mpirun has exited due to process rank 6 with PID 19751 on
node wn273.scope.unina.it exiting without calling "finalize". This may
have caused other processes in the application to be
terminated by signals sent by mpirun (as reported here).
--------------------------------------------------------------------------
[wn273.scope.unina.it:19744] 4 more processes have sent help message help-mpi-errors.txt / mpi_errors_are_fatal
[wn273.scope.unina.it:19744] Set MCA parameter "orte_base_help_aggregate" to 0 to see all help / error messages
[wn273.scope.unina.it:19841] *** An error occurred in MPI_Bcast
[wn273.scope.unina.it:19841] *** on communicator MPI COMMUNICATOR 5 SPLIT FROM 3
[wn273.scope.unina.it:19841] *** MPI_ERR_ROOT: invalid root
[wn273.scope.unina.it:19841] *** MPI_ERRORS_ARE_FATAL (your MPI job will now abort)
--------------------------------------------------------------------------
mpirun has exited due to process rank 6 with PID 19841 on
node wn273.scope.unina.it exiting without calling "finalize". This may
have caused other processes in the application to be
terminated by signals sent by mpirun (as reported here).
--------------------------------------------------------------------------
[wn273.scope.unina.it:19834] 4 more processes have sent help message help-mpi-errors.txt / mpi_errors_are_fatal
[wn273.scope.unina.it:19834] Set MCA parameter "orte_base_help_aggregate" to 0 to see all help / error messages
[wn273.scope.unina.it:19931] *** An error occurred in MPI_Bcast
[wn273.scope.unina.it:19931] *** on communicator MPI COMMUNICATOR 5 SPLIT FROM 3
[wn273.scope.unina.it:19931] *** MPI_ERR_ROOT: invalid root
[wn273.scope.unina.it:19931] *** MPI_ERRORS_ARE_FATAL (your MPI job will now abort)
--------------------------------------------------------------------------
mpirun has exited due to process rank 6 with PID 19931 on
node wn273.scope.unina.it exiting without calling "finalize". This may
have caused other processes in the application to be
terminated by signals sent by mpirun (as reported here).
--------------------------------------------------------------------------
[wn273.scope.unina.it:19924] 3 more processes have sent help message help-mpi-errors.txt / mpi_errors_are_fatal
[wn273.scope.unina.it:19924] Set MCA parameter "orte_base_help_aggregate" to 0 to see all help / error messages
[wn273.scope.unina.it:20019] *** An error occurred in MPI_Bcast
[wn273.scope.unina.it:20019] *** on communicator MPI COMMUNICATOR 5 SPLIT FROM 3
[wn273.scope.unina.it:20019] *** MPI_ERR_ROOT: invalid root
[wn273.scope.unina.it:20019] *** MPI_ERRORS_ARE_FATAL (your MPI job will now abort)
--------------------------------------------------------------------------
mpirun has exited due to process rank 6 with PID 20021 on
node wn273.scope.unina.it exiting without calling "finalize". This may
have caused other processes in the application to be
terminated by signals sent by mpirun (as reported here).
--------------------------------------------------------------------------
[wn273.scope.unina.it:20014] 4 more processes have sent help message help-mpi-errors.txt / mpi_errors_are_fatal
[wn273.scope.unina.it:20014] Set MCA parameter "orte_base_help_aggregate" to 0 to see all help / error messages
[wn273.scope.unina.it:20111] *** An error occurred in MPI_Bcast
[wn273.scope.unina.it:20111] *** on communicator MPI COMMUNICATOR 5 SPLIT FROM 3
[wn273.scope.unina.it:20111] *** MPI_ERR_ROOT: invalid root
[wn273.scope.unina.it:20111] *** MPI_ERRORS_ARE_FATAL (your MPI job will now abort)
--------------------------------------------------------------------------
mpirun has exited due to process rank 6 with PID 20111 on
node wn273.scope.unina.it exiting without calling "finalize". This may
have caused other processes in the application to be
terminated by signals sent by mpirun (as reported here).
--------------------------------------------------------------------------
[wn273.scope.unina.it:20104] 7 more processes have sent help message help-mpi-errors.txt / mpi_errors_are_fatal
[wn273.scope.unina.it:20104] Set MCA parameter "orte_base_help_aggregate" to 0 to see all help / error messages
[wn273.scope.unina.it:20265] *** An error occurred in MPI_Bcast
[wn273.scope.unina.it:20265] *** on communicator MPI COMMUNICATOR 5 SPLIT FROM 3
[wn273.scope.unina.it:20265] *** MPI_ERR_ROOT: invalid root
[wn273.scope.unina.it:20265] *** MPI_ERRORS_ARE_FATAL (your MPI job will now abort)
--------------------------------------------------------------------------
mpirun has exited due to process rank 6 with PID 20265 on
node wn273.scope.unina.it exiting without calling "finalize". This may
have caused other processes in the application to be
terminated by signals sent by mpirun (as reported here).
--------------------------------------------------------------------------
[wn273.scope.unina.it:20258] 7 more processes have sent help message help-mpi-errors.txt / mpi_errors_are_fatal
[wn273.scope.unina.it:20258] Set MCA parameter "orte_base_help_aggregate" to 0 to see all help / error messages
[wn273.scope.unina.it:20415] *** An error occurred in MPI_Bcast
[wn273.scope.unina.it:20415] *** on communicator MPI COMMUNICATOR 5 SPLIT FROM 3
[wn273.scope.unina.it:20415] *** MPI_ERR_ROOT: invalid root
[wn273.scope.unina.it:20415] *** MPI_ERRORS_ARE_FATAL (your MPI job will now abort)
--------------------------------------------------------------------------
mpirun has exited due to process rank 2 with PID 20415 on
node wn273.scope.unina.it exiting without calling "finalize". This may
have caused other processes in the application to be
terminated by signals sent by mpirun (as reported here).
--------------------------------------------------------------------------
[wn273.scope.unina.it:20412] 7 more processes have sent help message help-mpi-errors.txt / mpi_errors_are_fatal
[wn273.scope.unina.it:20412] Set MCA parameter "orte_base_help_aggregate" to 0 to see all help / error messages
[wn273.scope.unina.it:20573] *** An error occurred in MPI_Bcast
[wn273.scope.unina.it:20573] *** on communicator MPI COMMUNICATOR 5 SPLIT FROM 3
[wn273.scope.unina.it:20573] *** MPI_ERR_ROOT: invalid root
[wn273.scope.unina.it:20573] *** MPI_ERRORS_ARE_FATAL (your MPI job will now abort)
--------------------------------------------------------------------------
mpirun has exited due to process rank 6 with PID 20573 on
node wn273.scope.unina.it exiting without calling "finalize". This may
have caused other processes in the application to be
terminated by signals sent by mpirun (as reported here).
--------------------------------------------------------------------------
[wn273.scope.unina.it:20566] 3 more processes have sent help message help-mpi-errors.txt / mpi_errors_are_fatal
[wn273.scope.unina.it:20566] Set MCA parameter "orte_base_help_aggregate" to 0 to see all help / error messages
[wn273.scope.unina.it:20727] *** An error occurred in MPI_Bcast
[wn273.scope.unina.it:20727] *** on communicator MPI COMMUNICATOR 5 SPLIT FROM 3
[wn273.scope.unina.it:20727] *** MPI_ERR_ROOT: invalid root
[wn273.scope.unina.it:20727] *** MPI_ERRORS_ARE_FATAL (your MPI job will now abort)
--------------------------------------------------------------------------
mpirun has exited due to process rank 6 with PID 20727 on
node wn273.scope.unina.it exiting without calling "finalize". This may
have caused other processes in the application to be
terminated by signals sent by mpirun (as reported here).
--------------------------------------------------------------------------
[wn273.scope.unina.it:20720] 2 more processes have sent help message help-mpi-errors.txt / mpi_errors_are_fatal
[wn273.scope.unina.it:20720] Set MCA parameter "orte_base_help_aggregate" to 0 to see all help / error messages
[wn273.scope.unina.it:20881] *** An error occurred in MPI_Bcast
[wn273.scope.unina.it:20881] *** on communicator MPI COMMUNICATOR 5 SPLIT FROM 3
[wn273.scope.unina.it:20881] *** MPI_ERR_ROOT: invalid root
[wn273.scope.unina.it:20881] *** MPI_ERRORS_ARE_FATAL (your MPI job will now abort)
--------------------------------------------------------------------------
mpirun has exited due to process rank 6 with PID 20881 on
node wn273.scope.unina.it exiting without calling "finalize". This may
have caused other processes in the application to be
terminated by signals sent by mpirun (as reported here).
--------------------------------------------------------------------------
[wn273.scope.unina.it:20874] 4 more processes have sent help message help-mpi-errors.txt / mpi_errors_are_fatal
[wn273.scope.unina.it:20874] Set MCA parameter "orte_base_help_aggregate" to 0 to see all help / error messages
[wn273.scope.unina.it:21035] *** An error occurred in MPI_Bcast
[wn273.scope.unina.it:21035] *** on communicator MPI COMMUNICATOR 5 SPLIT FROM 3
[wn273.scope.unina.it:21035] *** MPI_ERR_ROOT: invalid root
[wn273.scope.unina.it:21035] *** MPI_ERRORS_ARE_FATAL (your MPI job will now abort)
--------------------------------------------------------------------------
mpirun has exited due to process rank 6 with PID 21035 on
node wn273.scope.unina.it exiting without calling "finalize". This may
have caused other processes in the application to be
terminated by signals sent by mpirun (as reported here).
--------------------------------------------------------------------------
[wn273.scope.unina.it:21028] 4 more processes have sent help message help-mpi-errors.txt / mpi_errors_are_fatal
[wn273.scope.unina.it:21028] Set MCA parameter "orte_base_help_aggregate" to 0 to see all help / error messages
[wn273.scope.unina.it:21189] *** An error occurred in MPI_Bcast
[wn273.scope.unina.it:21189] *** on communicator MPI COMMUNICATOR 5 SPLIT FROM 3
[wn273.scope.unina.it:21189] *** MPI_ERR_ROOT: invalid root
[wn273.scope.unina.it:21189] *** MPI_ERRORS_ARE_FATAL (your MPI job will now abort)
--------------------------------------------------------------------------
mpirun has exited due to process rank 6 with PID 21189 on
node wn273.scope.unina.it exiting without calling "finalize". This may
have caused other processes in the application to be
terminated by signals sent by mpirun (as reported here).
--------------------------------------------------------------------------
[wn273.scope.unina.it:21182] 2 more processes have sent help message help-mpi-errors.txt / mpi_errors_are_fatal
[wn273.scope.unina.it:21182] Set MCA parameter "orte_base_help_aggregate" to 0 to see all help / error messages
